<?xml version="1.0" encoding="UTF-8"?>
<testng-results skipped="0" failed="0" total="1" passed="1">
  <reporter-output>
  </reporter-output>
  <suite name="Default suite" duration-ms="5653" started-at="2019-04-25T11:51:55Z" finished-at="2019-04-25T11:52:01Z">
    <groups>
    </groups>
    <test name="Default test" duration-ms="5653" started-at="2019-04-25T11:51:55Z" finished-at="2019-04-25T11:52:01Z">
      <class name="caroobi.NewClass">
        <test-method status="PASS" signature="beforeClass()[pri:0, instance:caroobi.NewClass@7907ec20]" name="beforeClass" is-config="true" duration-ms="1807" started-at="2019-04-25T17:21:55Z" finished-at="2019-04-25T17:21:57Z">
          <reporter-output>
          </reporter-output>
        </test-method> <!-- beforeClass -->
        <test-method status="PASS" signature="openMyBlog()[pri:0, instance:caroobi.NewClass@7907ec20]" name="openMyBlog" duration-ms="3837" started-at="2019-04-25T17:21:57Z" finished-at="2019-04-25T17:22:01Z">
          <reporter-output>
          </reporter-output>
        </test-method> <!-- openMyBlog -->
        <test-method status="PASS" signature="afterClass()[pri:0, instance:caroobi.NewClass@7907ec20]" name="afterClass" is-config="true" duration-ms="1" started-at="2019-04-25T17:22:01Z" finished-at="2019-04-25T17:22:01Z">
          <reporter-output>
          </reporter-output>
        </test-method> <!-- afterClass -->
      </class> <!-- caroobi.NewClass -->
    </test> <!-- Default test -->
  </suite> <!-- Default suite -->
</testng-results>
